2023-11-22 19:03:37.518 | INFO     | __main__:<module>:8 - Running game...
2023-11-22 19:03:38.097 | INFO     | engine.Config:load:8 - Loading config from cfg/config.json...
2023-11-22 19:03:38.236 | INFO     | App:__init__:16 - Fullscreen: 1366x768
2023-11-22 19:03:38.282 | INFO     | App:__init__:27 - Created screen surface.
2023-11-22 19:03:38.284 | INFO     | engine.Config:load:8 - Loading config from cfg/world.json...
2023-11-22 19:03:38.285 | INFO     | game.world.World:load_assets:66 - Loading assets...
2023-11-22 19:03:38.286 | INFO     | game.world.World:load_assets:73 - Loaded 1 textures in 0.0008590221405029297s
2023-11-22 19:03:38.286 | INFO     | game.world.World:__init__:17 - Generating world...
2023-11-22 19:03:38.286 | INFO     | engine.Generator:__init__:13 - Generator initialized. Seed=1118280172.
2023-11-22 19:03:38.287 | INFO     | game.world.World:generate:27 - Generating 100 chunks...
2023-11-22 19:03:40.522 | INFO     | game.world.World:generate:34 - World generation took 2.2346324920654297s
2023-11-22 19:03:40.523 | INFO     | game.world.World:__init__:20 - World generated.
2023-11-22 19:03:40.523 | INFO     | game.world.World:__init__:22 - World initialized.
2023-11-22 19:03:40.523 | INFO     | game.Camera:__init__:11 - Camera initialized.
2023-11-22 19:03:40.524 | INFO     | App:__init__:34 - App initialized.
2023-11-22 19:03:40.524 | INFO     | App:run:54 - Running app...
2023-11-22 19:03:42.110 | SUCCESS  | __main__:<module>:10 - Game finished!
2023-11-22 19:04:00.647 | INFO     | __main__:<module>:8 - Running game...
2023-11-22 19:04:01.230 | INFO     | engine.Config:load:8 - Loading config from cfg/config.json...
2023-11-22 19:04:01.370 | INFO     | App:__init__:16 - Fullscreen: 1366x768
2023-11-22 19:04:01.420 | INFO     | App:__init__:27 - Created screen surface.
2023-11-22 19:04:01.420 | INFO     | engine.Config:load:8 - Loading config from cfg/world.json...
2023-11-22 19:04:01.422 | INFO     | game.world.World:load_assets:66 - Loading assets...
2023-11-22 19:04:01.423 | INFO     | game.world.World:load_assets:73 - Loaded 1 textures in 0.0s
2023-11-22 19:04:01.424 | INFO     | game.world.World:__init__:17 - Generating world...
2023-11-22 19:04:01.424 | INFO     | engine.Generator:__init__:13 - Generator initialized. Seed=3408148493.
2023-11-22 19:04:01.425 | INFO     | game.world.World:generate:27 - Generating 100 chunks...
2023-11-22 19:04:03.709 | INFO     | game.world.World:generate:34 - World generation took 2.2836997509002686s
2023-11-22 19:04:03.710 | INFO     | game.world.World:__init__:20 - World generated.
2023-11-22 19:04:03.710 | INFO     | game.world.World:__init__:22 - World initialized.
2023-11-22 19:04:03.710 | INFO     | game.Camera:__init__:11 - Camera initialized.
2023-11-22 19:04:03.711 | INFO     | App:__init__:34 - App initialized.
2023-11-22 19:04:03.711 | INFO     | App:run:54 - Running app...
2023-11-22 19:04:20.476 | SUCCESS  | __main__:<module>:10 - Game finished!
2023-11-22 19:05:20.702 | INFO     | __main__:<module>:8 - Running game...
2023-11-22 19:05:21.334 | INFO     | engine.Config:load:8 - Loading config from cfg/config.json...
2023-11-22 19:05:21.645 | INFO     | App:__init__:16 - Fullscreen: 1366x768
2023-11-22 19:05:21.701 | INFO     | App:__init__:27 - Created screen surface.
2023-11-22 19:05:21.702 | INFO     | engine.Config:load:8 - Loading config from cfg/world.json...
2023-11-22 19:05:21.703 | INFO     | game.world.World:load_assets:66 - Loading assets...
2023-11-22 19:05:21.715 | INFO     | game.world.World:load_assets:73 - Loaded 1 textures in 0.011552810668945312s
2023-11-22 19:05:21.715 | INFO     | game.world.World:__init__:17 - Generating world...
2023-11-22 19:05:21.716 | INFO     | engine.Generator:__init__:13 - Generator initialized. Seed=2189526788.
2023-11-22 19:05:21.716 | INFO     | game.world.World:generate:27 - Generating 100 chunks...
2023-11-22 19:05:25.557 | INFO     | game.world.World:generate:34 - World generation took 3.8414998054504395s
2023-11-22 19:05:25.558 | INFO     | game.world.World:__init__:20 - World generated.
2023-11-22 19:05:25.558 | INFO     | game.world.World:__init__:22 - World initialized.
2023-11-22 19:05:25.558 | INFO     | game.Camera:__init__:11 - Camera initialized.
2023-11-22 19:05:25.569 | INFO     | App:__init__:34 - App initialized.
2023-11-22 19:05:25.570 | INFO     | App:run:54 - Running app...
2023-11-22 19:05:31.660 | SUCCESS  | __main__:<module>:10 - Game finished!
2023-11-22 19:06:18.273 | INFO     | __main__:<module>:8 - Running game...
2023-11-22 19:06:18.875 | INFO     | engine.Config:load:8 - Loading config from cfg/config.json...
2023-11-22 19:06:19.020 | INFO     | App:__init__:16 - Fullscreen: 1366x768
2023-11-22 19:06:19.068 | INFO     | App:__init__:27 - Created screen surface.
2023-11-22 19:06:19.070 | INFO     | engine.Config:load:8 - Loading config from cfg/world.json...
2023-11-22 19:06:19.071 | INFO     | game.world.World:load_assets:66 - Loading assets...
2023-11-22 19:06:19.073 | INFO     | game.world.World:load_assets:73 - Loaded 1 textures in 0.0005123615264892578s
2023-11-22 19:06:19.073 | INFO     | game.world.World:__init__:17 - Generating world...
2023-11-22 19:06:19.074 | INFO     | engine.Generator:__init__:13 - Generator initialized. Seed=102323220.
2023-11-22 19:06:19.074 | INFO     | game.world.World:generate:27 - Generating 100 chunks...
2023-11-22 19:06:23.041 | INFO     | game.world.World:generate:34 - World generation took 3.966085910797119s
2023-11-22 19:06:23.042 | INFO     | game.world.World:__init__:20 - World generated.
2023-11-22 19:06:23.042 | INFO     | game.world.World:__init__:22 - World initialized.
2023-11-22 19:06:23.042 | INFO     | game.Camera:__init__:11 - Camera initialized.
2023-11-22 19:06:23.043 | INFO     | App:__init__:34 - App initialized.
2023-11-22 19:06:23.043 | INFO     | App:run:54 - Running app...
2023-11-22 19:06:28.558 | SUCCESS  | __main__:<module>:10 - Game finished!
2023-11-22 19:06:30.496 | INFO     | __main__:<module>:8 - Running game...
2023-11-22 19:06:30.644 | INFO     | engine.Config:load:8 - Loading config from cfg/config.json...
2023-11-22 19:06:30.798 | INFO     | App:__init__:16 - Fullscreen: 1366x768
2023-11-22 19:06:30.845 | INFO     | App:__init__:27 - Created screen surface.
2023-11-22 19:06:30.846 | INFO     | engine.Config:load:8 - Loading config from cfg/world.json...
2023-11-22 19:06:30.847 | INFO     | game.world.World:load_assets:66 - Loading assets...
2023-11-22 19:06:30.848 | INFO     | game.world.World:load_assets:73 - Loaded 1 textures in 0.0009984970092773438s
2023-11-22 19:06:30.848 | INFO     | game.world.World:__init__:17 - Generating world...
2023-11-22 19:06:30.849 | INFO     | engine.Generator:__init__:13 - Generator initialized. Seed=3801731403.
2023-11-22 19:06:30.849 | INFO     | game.world.World:generate:27 - Generating 100 chunks...
2023-11-22 19:06:34.628 | INFO     | game.world.World:generate:34 - World generation took 3.7787671089172363s
2023-11-22 19:06:34.628 | INFO     | game.world.World:__init__:20 - World generated.
2023-11-22 19:06:34.628 | INFO     | game.world.World:__init__:22 - World initialized.
2023-11-22 19:06:34.628 | INFO     | game.Camera:__init__:11 - Camera initialized.
2023-11-22 19:06:34.629 | INFO     | App:__init__:34 - App initialized.
2023-11-22 19:06:34.629 | INFO     | App:run:54 - Running app...
2023-11-22 19:07:05.332 | SUCCESS  | __main__:<module>:10 - Game finished!
2023-11-22 19:09:04.427 | INFO     | __main__:<module>:8 - Running game...
2023-11-22 19:09:05.023 | INFO     | engine.Config:load:8 - Loading config from cfg/config.json...
2023-11-22 19:09:05.164 | INFO     | App:__init__:16 - Fullscreen: 1366x768
2023-11-22 19:09:05.214 | INFO     | App:__init__:27 - Created screen surface.
2023-11-22 19:09:05.215 | INFO     | engine.Config:load:8 - Loading config from cfg/world.json...
2023-11-22 19:09:05.215 | INFO     | game.world.World:load_assets:66 - Loading assets...
2023-11-22 19:09:05.217 | INFO     | game.world.World:load_assets:73 - Loaded 1 textures in 0.001009225845336914s
2023-11-22 19:09:05.217 | INFO     | game.world.World:__init__:17 - Generating world...
2023-11-22 19:09:05.218 | INFO     | engine.Generator:__init__:13 - Generator initialized. Seed=2588765370.
2023-11-22 19:09:05.218 | INFO     | game.world.World:generate:27 - Generating 100 chunks...
2023-11-22 19:09:09.308 | INFO     | game.world.World:generate:34 - World generation took 4.090806484222412s
2023-11-22 19:09:09.308 | INFO     | game.world.World:__init__:20 - World generated.
2023-11-22 19:09:09.308 | INFO     | game.world.World:__init__:22 - World initialized.
2023-11-22 19:09:09.308 | INFO     | game.Camera:__init__:13 - Camera initialized.
2023-11-22 19:09:09.310 | INFO     | App:__init__:34 - App initialized.
2023-11-22 19:09:09.310 | INFO     | App:run:54 - Running app...
2023-11-22 19:09:16.367 | SUCCESS  | __main__:<module>:10 - Game finished!
2023-11-22 19:09:40.039 | INFO     | __main__:<module>:8 - Running game...
2023-11-22 19:09:40.624 | INFO     | engine.Config:load:8 - Loading config from cfg/config.json...
2023-11-22 19:09:40.791 | INFO     | App:__init__:16 - Fullscreen: 1366x768
2023-11-22 19:09:40.844 | INFO     | App:__init__:27 - Created screen surface.
2023-11-22 19:09:40.844 | INFO     | engine.Config:load:8 - Loading config from cfg/world.json...
2023-11-22 19:09:40.845 | INFO     | game.world.World:load_assets:66 - Loading assets...
2023-11-22 19:09:40.847 | INFO     | game.world.World:load_assets:73 - Loaded 1 textures in 0.0s
2023-11-22 19:09:40.847 | INFO     | game.world.World:__init__:17 - Generating world...
2023-11-22 19:09:40.847 | INFO     | engine.Generator:__init__:13 - Generator initialized. Seed=3982389095.
2023-11-22 19:09:40.847 | INFO     | game.world.World:generate:27 - Generating 100 chunks...
2023-11-22 19:09:45.105 | INFO     | game.world.World:generate:34 - World generation took 4.257402420043945s
2023-11-22 19:09:45.105 | INFO     | game.world.World:__init__:20 - World generated.
2023-11-22 19:09:45.105 | INFO     | game.world.World:__init__:22 - World initialized.
2023-11-22 19:09:45.105 | INFO     | game.Camera:__init__:13 - Camera initialized.
2023-11-22 19:09:45.106 | INFO     | App:__init__:34 - App initialized.
2023-11-22 19:09:45.107 | INFO     | App:run:54 - Running app...
2023-11-22 19:09:56.284 | INFO     | __main__:<module>:8 - Running game...
2023-11-22 19:09:56.403 | INFO     | engine.Config:load:8 - Loading config from cfg/config.json...
2023-11-22 19:09:56.546 | INFO     | App:__init__:16 - Fullscreen: 1366x768
2023-11-22 19:09:56.597 | INFO     | App:__init__:27 - Created screen surface.
2023-11-22 19:09:56.598 | INFO     | engine.Config:load:8 - Loading config from cfg/world.json...
2023-11-22 19:09:56.600 | INFO     | game.world.World:load_assets:66 - Loading assets...
2023-11-22 19:09:56.601 | INFO     | game.world.World:load_assets:73 - Loaded 1 textures in 0.0s
2023-11-22 19:09:56.602 | INFO     | game.world.World:__init__:17 - Generating world...
2023-11-22 19:09:56.602 | INFO     | engine.Generator:__init__:13 - Generator initialized. Seed=16467574.
2023-11-22 19:09:56.604 | INFO     | game.world.World:generate:27 - Generating 25 chunks...
2023-11-22 19:09:59.258 | INFO     | game.world.World:generate:34 - World generation took 2.6520442962646484s
2023-11-22 19:09:59.259 | INFO     | game.world.World:__init__:20 - World generated.
2023-11-22 19:09:59.259 | INFO     | game.world.World:__init__:22 - World initialized.
2023-11-22 19:09:59.259 | INFO     | game.Camera:__init__:13 - Camera initialized.
2023-11-22 19:09:59.260 | INFO     | App:__init__:34 - App initialized.
2023-11-22 19:09:59.260 | INFO     | App:run:54 - Running app...
2023-11-22 19:10:29.189 | INFO     | __main__:<module>:8 - Running game...
2023-11-22 19:10:29.326 | INFO     | engine.Config:load:8 - Loading config from cfg/config.json...
2023-11-22 19:10:29.493 | INFO     | App:__init__:16 - Fullscreen: 1366x768
2023-11-22 19:10:29.542 | INFO     | App:__init__:27 - Created screen surface.
2023-11-22 19:10:29.543 | INFO     | engine.Config:load:8 - Loading config from cfg/world.json...
2023-11-22 19:10:29.544 | INFO     | game.world.World:load_assets:66 - Loading assets...
2023-11-22 19:10:29.545 | INFO     | game.world.World:load_assets:73 - Loaded 1 textures in 0.0s
2023-11-22 19:10:29.546 | INFO     | game.world.World:__init__:17 - Generating world...
2023-11-22 19:10:29.546 | INFO     | engine.Generator:__init__:13 - Generator initialized. Seed=3587407018.
2023-11-22 19:10:29.546 | INFO     | game.world.World:generate:27 - Generating 25 chunks...
2023-11-22 19:10:30.648 | INFO     | game.world.World:generate:34 - World generation took 1.101804256439209s
2023-11-22 19:10:30.648 | INFO     | game.world.World:__init__:20 - World generated.
2023-11-22 19:10:30.649 | INFO     | game.world.World:__init__:22 - World initialized.
2023-11-22 19:10:30.649 | INFO     | game.Camera:__init__:13 - Camera initialized.
2023-11-22 19:10:30.650 | INFO     | App:__init__:34 - App initialized.
2023-11-22 19:10:30.650 | INFO     | App:run:54 - Running app...
2023-11-22 19:11:00.955 | SUCCESS  | __main__:<module>:10 - Game finished!
2023-11-22 19:12:04.444 | INFO     | __main__:<module>:8 - Running game...
2023-11-22 19:12:05.028 | INFO     | engine.Config:load:8 - Loading config from cfg/config.json...
2023-11-22 19:12:05.178 | INFO     | App:__init__:16 - Fullscreen: 1366x768
2023-11-22 19:12:05.226 | INFO     | App:__init__:27 - Created screen surface.
2023-11-22 19:12:05.230 | INFO     | engine.Config:load:8 - Loading config from cfg/world.json...
2023-11-22 19:12:05.231 | INFO     | game.world.World:load_assets:66 - Loading assets...
2023-11-22 19:12:05.232 | INFO     | game.world.World:load_assets:73 - Loaded 1 textures in 0.0s
2023-11-22 19:12:05.233 | INFO     | game.world.World:__init__:17 - Generating world...
2023-11-22 19:12:05.233 | INFO     | engine.Generator:__init__:13 - Generator initialized. Seed=1540896979.
2023-11-22 19:12:05.233 | INFO     | game.world.World:generate:27 - Generating 25 chunks...
2023-11-22 19:12:06.590 | INFO     | game.world.World:generate:34 - World generation took 1.355243444442749s
2023-11-22 19:12:06.591 | INFO     | game.world.World:__init__:20 - World generated.
2023-11-22 19:12:06.591 | INFO     | game.world.World:__init__:22 - World initialized.
2023-11-22 19:12:06.591 | INFO     | game.Camera:__init__:13 - Camera initialized.
2023-11-22 19:12:06.592 | INFO     | App:__init__:34 - App initialized.
2023-11-22 19:12:06.592 | INFO     | App:run:54 - Running app...
2023-11-22 19:12:27.212 | SUCCESS  | __main__:<module>:10 - Game finished!
2023-11-22 19:12:36.821 | INFO     | __main__:<module>:8 - Running game...
2023-11-22 19:12:36.945 | INFO     | engine.Config:load:8 - Loading config from cfg/config.json...
2023-11-22 19:12:37.104 | INFO     | App:__init__:16 - Fullscreen: 1366x768
2023-11-22 19:12:37.153 | INFO     | App:__init__:27 - Created screen surface.
2023-11-22 19:12:37.153 | INFO     | engine.Config:load:8 - Loading config from cfg/world.json...
2023-11-22 19:12:37.155 | INFO     | game.world.World:load_assets:66 - Loading assets...
2023-11-22 19:12:37.156 | INFO     | game.world.World:load_assets:73 - Loaded 1 textures in 0.0010030269622802734s
2023-11-22 19:12:37.156 | INFO     | game.world.World:__init__:17 - Generating world...
2023-11-22 19:12:37.156 | INFO     | engine.Generator:__init__:13 - Generator initialized. Seed=1590853801.
2023-11-22 19:12:37.157 | INFO     | game.world.World:generate:27 - Generating 25 chunks...
2023-11-22 19:12:38.217 | INFO     | game.world.World:generate:34 - World generation took 1.059278964996338s
2023-11-22 19:12:38.217 | INFO     | game.world.World:__init__:20 - World generated.
2023-11-22 19:12:38.217 | INFO     | game.world.World:__init__:22 - World initialized.
2023-11-22 19:12:38.217 | INFO     | game.Camera:__init__:13 - Camera initialized.
2023-11-22 19:12:38.218 | INFO     | App:__init__:34 - App initialized.
2023-11-22 19:12:38.218 | INFO     | App:run:54 - Running app...
2023-11-22 19:12:43.431 | SUCCESS  | __main__:<module>:10 - Game finished!
2023-11-22 19:12:49.052 | INFO     | __main__:<module>:8 - Running game...
2023-11-22 19:12:49.174 | INFO     | engine.Config:load:8 - Loading config from cfg/config.json...
2023-11-22 19:12:49.325 | INFO     | App:__init__:16 - Fullscreen: 1366x768
2023-11-22 19:12:49.380 | INFO     | App:__init__:27 - Created screen surface.
2023-11-22 19:12:49.381 | INFO     | engine.Config:load:8 - Loading config from cfg/world.json...
2023-11-22 19:12:49.381 | INFO     | game.world.World:load_assets:66 - Loading assets...
2023-11-22 19:12:49.387 | INFO     | game.world.World:load_assets:73 - Loaded 1 textures in 0.004561901092529297s
2023-11-22 19:12:49.388 | INFO     | game.world.World:__init__:17 - Generating world...
2023-11-22 19:12:49.389 | INFO     | engine.Generator:__init__:13 - Generator initialized. Seed=474573453.
2023-11-22 19:12:49.389 | INFO     | game.world.World:generate:27 - Generating 25 chunks...
2023-11-22 19:12:50.600 | INFO     | game.world.World:generate:34 - World generation took 1.2099874019622803s
2023-11-22 19:12:50.600 | INFO     | game.world.World:__init__:20 - World generated.
2023-11-22 19:12:50.600 | INFO     | game.world.World:__init__:22 - World initialized.
2023-11-22 19:12:50.600 | INFO     | game.Camera:__init__:13 - Camera initialized.
2023-11-22 19:12:50.601 | INFO     | App:__init__:34 - App initialized.
2023-11-22 19:12:50.601 | INFO     | App:run:54 - Running app...
2023-11-22 19:12:57.364 | SUCCESS  | __main__:<module>:10 - Game finished!
2023-11-22 19:13:01.821 | INFO     | __main__:<module>:8 - Running game...
2023-11-22 19:13:01.947 | INFO     | engine.Config:load:8 - Loading config from cfg/config.json...
2023-11-22 19:13:02.092 | INFO     | App:__init__:16 - Fullscreen: 1366x768
2023-11-22 19:13:02.142 | INFO     | App:__init__:27 - Created screen surface.
2023-11-22 19:13:02.143 | INFO     | engine.Config:load:8 - Loading config from cfg/world.json...
2023-11-22 19:13:02.143 | INFO     | game.world.World:load_assets:66 - Loading assets...
2023-11-22 19:13:02.145 | INFO     | game.world.World:load_assets:73 - Loaded 1 textures in 0.0s
2023-11-22 19:13:02.145 | INFO     | game.world.World:__init__:17 - Generating world...
2023-11-22 19:13:02.146 | INFO     | engine.Generator:__init__:13 - Generator initialized. Seed=434640710.
2023-11-22 19:13:02.146 | INFO     | game.world.World:generate:27 - Generating 25 chunks...
2023-11-22 19:13:03.147 | INFO     | game.world.World:generate:34 - World generation took 1.0005319118499756s
2023-11-22 19:13:03.147 | INFO     | game.world.World:__init__:20 - World generated.
2023-11-22 19:13:03.147 | INFO     | game.world.World:__init__:22 - World initialized.
2023-11-22 19:13:03.147 | INFO     | game.Camera:__init__:13 - Camera initialized.
2023-11-22 19:13:03.148 | INFO     | App:__init__:34 - App initialized.
2023-11-22 19:13:03.148 | INFO     | App:run:54 - Running app...
2023-11-22 19:13:13.321 | SUCCESS  | __main__:<module>:10 - Game finished!
2023-11-22 19:14:57.697 | INFO     | __main__:<module>:8 - Running game...
2023-11-22 19:14:58.279 | INFO     | engine.Config:load:8 - Loading config from cfg/config.json...
2023-11-22 19:14:58.423 | INFO     | App:__init__:16 - Fullscreen: 1366x768
2023-11-22 19:14:58.470 | INFO     | App:__init__:27 - Created screen surface.
2023-11-22 19:14:58.471 | INFO     | engine.Config:load:8 - Loading config from cfg/world.json...
2023-11-22 19:14:58.472 | INFO     | game.world.World:load_assets:66 - Loading assets...
2023-11-22 19:14:58.473 | INFO     | game.world.World:load_assets:73 - Loaded 1 textures in 0.0s
2023-11-22 19:14:58.473 | INFO     | game.world.World:__init__:17 - Generating world...
2023-11-22 19:14:58.481 | INFO     | engine.Generator:__init__:13 - Generator initialized. Seed=1778833891.
2023-11-22 19:14:58.481 | INFO     | game.world.World:generate:27 - Generating 25 chunks...
2023-11-22 19:15:01.448 | INFO     | game.world.World:generate:34 - World generation took 2.9655330181121826s
2023-11-22 19:15:01.449 | INFO     | game.world.World:__init__:20 - World generated.
2023-11-22 19:15:01.449 | INFO     | game.world.World:__init__:22 - World initialized.
2023-11-22 19:15:01.449 | INFO     | game.Camera:__init__:13 - Camera initialized.
2023-11-22 19:15:01.450 | INFO     | App:__init__:34 - App initialized.
2023-11-22 19:15:01.450 | INFO     | App:run:54 - Running app...
2023-11-22 19:15:01.465 | SUCCESS  | __main__:<module>:10 - Game finished!
2023-11-22 19:15:06.718 | INFO     | __main__:<module>:8 - Running game...
2023-11-22 19:15:06.844 | INFO     | engine.Config:load:8 - Loading config from cfg/config.json...
2023-11-22 19:15:06.994 | INFO     | App:__init__:16 - Fullscreen: 1366x768
2023-11-22 19:15:07.041 | INFO     | App:__init__:27 - Created screen surface.
2023-11-22 19:15:07.042 | INFO     | engine.Config:load:8 - Loading config from cfg/world.json...
2023-11-22 19:15:07.045 | INFO     | game.world.World:load_assets:66 - Loading assets...
2023-11-22 19:15:07.047 | INFO     | game.world.World:load_assets:73 - Loaded 1 textures in 0.0s
2023-11-22 19:15:07.047 | INFO     | game.world.World:__init__:17 - Generating world...
2023-11-22 19:15:07.047 | INFO     | engine.Generator:__init__:13 - Generator initialized. Seed=1695353426.
2023-11-22 19:15:07.047 | INFO     | game.world.World:generate:27 - Generating 25 chunks...
2023-11-22 19:15:08.065 | INFO     | game.world.World:generate:34 - World generation took 1.017230749130249s
2023-11-22 19:15:08.066 | INFO     | game.world.World:__init__:20 - World generated.
2023-11-22 19:15:08.066 | INFO     | game.world.World:__init__:22 - World initialized.
2023-11-22 19:15:08.066 | INFO     | game.Camera:__init__:13 - Camera initialized.
2023-11-22 19:15:08.067 | INFO     | App:__init__:34 - App initialized.
2023-11-22 19:15:08.067 | INFO     | App:run:54 - Running app...
2023-11-22 19:15:16.461 | SUCCESS  | __main__:<module>:10 - Game finished!
2023-11-22 19:15:36.441 | INFO     | __main__:<module>:8 - Running game...
2023-11-22 19:15:37.026 | INFO     | engine.Config:load:8 - Loading config from cfg/config.json...
2023-11-22 19:15:37.167 | INFO     | App:__init__:16 - Fullscreen: 1366x768
2023-11-22 19:15:37.210 | INFO     | App:__init__:27 - Created screen surface.
2023-11-22 19:15:37.211 | INFO     | engine.Config:load:8 - Loading config from cfg/world.json...
2023-11-22 19:15:37.213 | INFO     | game.world.World:load_assets:66 - Loading assets...
2023-11-22 19:15:37.215 | INFO     | game.world.World:load_assets:73 - Loaded 1 textures in 0.0010056495666503906s
2023-11-22 19:15:37.215 | INFO     | game.world.World:__init__:17 - Generating world...
2023-11-22 19:15:37.215 | INFO     | engine.Generator:__init__:13 - Generator initialized. Seed=1863209952.
2023-11-22 19:15:37.216 | INFO     | game.world.World:generate:27 - Generating 25 chunks...
2023-11-22 19:15:38.349 | INFO     | game.world.World:generate:34 - World generation took 1.1328117847442627s
2023-11-22 19:15:38.349 | INFO     | game.world.World:__init__:20 - World generated.
2023-11-22 19:15:38.349 | INFO     | game.world.World:__init__:22 - World initialized.
2023-11-22 19:15:38.349 | INFO     | game.Camera:__init__:13 - Camera initialized.
2023-11-22 19:15:38.350 | INFO     | App:__init__:34 - App initialized.
2023-11-22 19:15:38.350 | INFO     | App:run:54 - Running app...
2023-11-22 19:15:44.091 | SUCCESS  | __main__:<module>:10 - Game finished!
2023-11-22 19:15:49.216 | INFO     | __main__:<module>:8 - Running game...
2023-11-22 19:15:49.338 | INFO     | engine.Config:load:8 - Loading config from cfg/config.json...
2023-11-22 19:15:49.483 | INFO     | App:__init__:16 - Fullscreen: 1366x768
2023-11-22 19:15:49.532 | INFO     | App:__init__:27 - Created screen surface.
2023-11-22 19:15:49.533 | INFO     | engine.Config:load:8 - Loading config from cfg/world.json...
2023-11-22 19:15:49.534 | INFO     | game.world.World:load_assets:66 - Loading assets...
2023-11-22 19:15:49.534 | INFO     | game.world.World:load_assets:73 - Loaded 1 textures in 0.0s
2023-11-22 19:15:49.536 | INFO     | game.world.World:__init__:17 - Generating world...
2023-11-22 19:15:49.536 | INFO     | engine.Generator:__init__:13 - Generator initialized. Seed=2334822517.
2023-11-22 19:15:49.536 | INFO     | game.world.World:generate:27 - Generating 25 chunks...
2023-11-22 19:15:50.724 | INFO     | game.world.World:generate:34 - World generation took 1.186969518661499s
2023-11-22 19:15:50.724 | INFO     | game.world.World:__init__:20 - World generated.
2023-11-22 19:15:50.724 | INFO     | game.world.World:__init__:22 - World initialized.
2023-11-22 19:15:50.724 | INFO     | game.Camera:__init__:13 - Camera initialized.
2023-11-22 19:15:50.725 | INFO     | App:__init__:34 - App initialized.
2023-11-22 19:15:50.725 | INFO     | App:run:54 - Running app...
2023-11-22 19:16:20.575 | SUCCESS  | __main__:<module>:10 - Game finished!
2023-11-22 19:16:24.166 | INFO     | __main__:<module>:8 - Running game...
2023-11-22 19:16:24.299 | INFO     | engine.Config:load:8 - Loading config from cfg/config.json...
2023-11-22 19:16:24.446 | INFO     | App:__init__:16 - Fullscreen: 1366x768
2023-11-22 19:16:24.492 | INFO     | App:__init__:27 - Created screen surface.
2023-11-22 19:16:24.493 | INFO     | engine.Config:load:8 - Loading config from cfg/world.json...
2023-11-22 19:16:24.494 | INFO     | game.world.World:load_assets:66 - Loading assets...
2023-11-22 19:16:24.496 | INFO     | game.world.World:load_assets:73 - Loaded 1 textures in 0.0015137195587158203s
2023-11-22 19:16:24.496 | INFO     | game.world.World:__init__:17 - Generating world...
2023-11-22 19:16:24.496 | INFO     | engine.Generator:__init__:13 - Generator initialized. Seed=397003273.
2023-11-22 19:16:24.497 | INFO     | game.world.World:generate:27 - Generating 25 chunks...
2023-11-22 19:16:25.497 | INFO     | game.world.World:generate:34 - World generation took 1.000314474105835s
2023-11-22 19:16:25.497 | INFO     | game.world.World:__init__:20 - World generated.
2023-11-22 19:16:25.497 | INFO     | game.world.World:__init__:22 - World initialized.
2023-11-22 19:16:25.497 | INFO     | game.Camera:__init__:13 - Camera initialized.
2023-11-22 19:16:25.498 | INFO     | App:__init__:34 - App initialized.
2023-11-22 19:16:25.498 | INFO     | App:run:54 - Running app...
2023-11-22 19:16:29.986 | SUCCESS  | __main__:<module>:10 - Game finished!
2023-11-22 19:16:39.812 | INFO     | __main__:<module>:8 - Running game...
2023-11-22 19:16:39.938 | INFO     | engine.Config:load:8 - Loading config from cfg/config.json...
2023-11-22 19:16:40.106 | INFO     | App:__init__:16 - Fullscreen: 1366x768
2023-11-22 19:16:40.154 | INFO     | App:__init__:27 - Created screen surface.
2023-11-22 19:16:40.155 | INFO     | engine.Config:load:8 - Loading config from cfg/world.json...
2023-11-22 19:16:40.155 | INFO     | game.world.World:load_assets:66 - Loading assets...
2023-11-22 19:16:40.156 | INFO     | game.world.World:load_assets:73 - Loaded 1 textures in 0.0s
2023-11-22 19:16:40.157 | INFO     | game.world.World:__init__:17 - Generating world...
2023-11-22 19:16:40.160 | INFO     | engine.Generator:__init__:13 - Generator initialized. Seed=2746944170.
2023-11-22 19:16:40.161 | INFO     | game.world.World:generate:27 - Generating 25 chunks...
2023-11-22 19:16:41.262 | INFO     | game.world.World:generate:34 - World generation took 1.1004533767700195s
2023-11-22 19:16:41.262 | INFO     | game.world.World:__init__:20 - World generated.
2023-11-22 19:16:41.262 | INFO     | game.world.World:__init__:22 - World initialized.
2023-11-22 19:16:41.262 | INFO     | game.Camera:__init__:13 - Camera initialized.
2023-11-22 19:16:41.263 | INFO     | App:__init__:34 - App initialized.
2023-11-22 19:16:41.263 | INFO     | App:run:54 - Running app...
2023-11-22 19:16:47.244 | SUCCESS  | __main__:<module>:10 - Game finished!
2023-11-22 19:16:55.868 | INFO     | __main__:<module>:8 - Running game...
2023-11-22 19:16:55.993 | INFO     | engine.Config:load:8 - Loading config from cfg/config.json...
2023-11-22 19:16:56.138 | INFO     | App:__init__:16 - Fullscreen: 1366x768
2023-11-22 19:16:56.187 | INFO     | App:__init__:27 - Created screen surface.
2023-11-22 19:16:56.187 | INFO     | engine.Config:load:8 - Loading config from cfg/world.json...
2023-11-22 19:16:56.189 | INFO     | game.world.World:load_assets:66 - Loading assets...
2023-11-22 19:16:56.189 | INFO     | game.world.World:load_assets:73 - Loaded 1 textures in 0.0s
2023-11-22 19:16:56.190 | INFO     | game.world.World:__init__:17 - Generating world...
2023-11-22 19:16:56.190 | INFO     | engine.Generator:__init__:13 - Generator initialized. Seed=590330969.
2023-11-22 19:16:56.190 | INFO     | game.world.World:generate:27 - Generating 25 chunks...
2023-11-22 19:16:57.170 | INFO     | game.world.World:generate:34 - World generation took 0.9794032573699951s
2023-11-22 19:16:57.171 | INFO     | game.world.World:__init__:20 - World generated.
2023-11-22 19:16:57.171 | INFO     | game.world.World:__init__:22 - World initialized.
2023-11-22 19:16:57.171 | INFO     | game.Camera:__init__:13 - Camera initialized.
2023-11-22 19:16:57.172 | INFO     | App:__init__:34 - App initialized.
2023-11-22 19:16:57.172 | INFO     | App:run:54 - Running app...
2023-11-22 19:17:02.507 | SUCCESS  | __main__:<module>:10 - Game finished!
2023-11-22 19:17:05.910 | INFO     | __main__:<module>:8 - Running game...
2023-11-22 19:17:06.031 | INFO     | engine.Config:load:8 - Loading config from cfg/config.json...
2023-11-22 19:17:06.182 | INFO     | App:__init__:16 - Fullscreen: 1366x768
2023-11-22 19:17:06.229 | INFO     | App:__init__:27 - Created screen surface.
2023-11-22 19:17:06.229 | INFO     | engine.Config:load:8 - Loading config from cfg/world.json...
2023-11-22 19:17:06.230 | INFO     | game.world.World:load_assets:66 - Loading assets...
2023-11-22 19:17:06.233 | INFO     | game.world.World:load_assets:73 - Loaded 1 textures in 0.0020074844360351562s
2023-11-22 19:17:06.234 | INFO     | game.world.World:__init__:17 - Generating world...
2023-11-22 19:17:06.235 | INFO     | engine.Generator:__init__:13 - Generator initialized. Seed=1839956652.
2023-11-22 19:17:06.235 | INFO     | game.world.World:generate:27 - Generating 25 chunks...
2023-11-22 19:17:07.254 | INFO     | game.world.World:generate:34 - World generation took 1.0189177989959717s
2023-11-22 19:17:07.254 | INFO     | game.world.World:__init__:20 - World generated.
2023-11-22 19:17:07.254 | INFO     | game.world.World:__init__:22 - World initialized.
2023-11-22 19:17:07.254 | INFO     | game.Camera:__init__:13 - Camera initialized.
2023-11-22 19:17:07.255 | INFO     | App:__init__:34 - App initialized.
2023-11-22 19:17:07.255 | INFO     | App:run:54 - Running app...
2023-11-22 19:17:18.920 | SUCCESS  | __main__:<module>:10 - Game finished!
2023-11-22 19:17:33.858 | INFO     | __main__:<module>:8 - Running game...
2023-11-22 19:17:34.422 | INFO     | engine.Config:load:8 - Loading config from cfg/config.json...
2023-11-22 19:17:34.566 | INFO     | App:__init__:16 - Fullscreen: 1366x768
2023-11-22 19:17:34.613 | INFO     | App:__init__:27 - Created screen surface.
2023-11-22 19:17:34.614 | INFO     | engine.Config:load:8 - Loading config from cfg/world.json...
2023-11-22 19:17:34.615 | INFO     | game.world.World:load_assets:66 - Loading assets...
2023-11-22 19:17:34.616 | INFO     | game.world.World:load_assets:73 - Loaded 1 textures in 0.0010051727294921875s
2023-11-22 19:17:34.616 | INFO     | game.world.World:__init__:17 - Generating world...
2023-11-22 19:17:34.616 | INFO     | engine.Generator:__init__:13 - Generator initialized. Seed=1902564362.
2023-11-22 19:17:34.617 | INFO     | game.world.World:generate:27 - Generating 25 chunks...
2023-11-22 19:17:35.833 | INFO     | game.world.World:generate:34 - World generation took 1.2155752182006836s
2023-11-22 19:17:35.833 | INFO     | game.world.World:__init__:20 - World generated.
2023-11-22 19:17:35.833 | INFO     | game.world.World:__init__:22 - World initialized.
2023-11-22 19:17:35.833 | INFO     | game.Camera:__init__:13 - Camera initialized.
2023-11-22 19:17:35.834 | INFO     | App:__init__:34 - App initialized.
2023-11-22 19:17:35.834 | INFO     | App:run:54 - Running app...
2023-11-22 19:17:36.443 | SUCCESS  | __main__:<module>:10 - Game finished!
2023-11-22 19:18:12.773 | INFO     | __main__:<module>:8 - Running game...
2023-11-22 19:18:13.382 | INFO     | engine.Config:load:8 - Loading config from cfg/config.json...
2023-11-22 19:18:13.541 | INFO     | App:__init__:16 - Fullscreen: 1366x768
2023-11-22 19:18:13.590 | INFO     | App:__init__:27 - Created screen surface.
2023-11-22 19:18:13.590 | INFO     | engine.Config:load:8 - Loading config from cfg/world.json...
2023-11-22 19:18:13.591 | INFO     | game.world.World:load_assets:66 - Loading assets...
2023-11-22 19:18:13.593 | INFO     | game.world.World:load_assets:73 - Loaded 1 textures in 0.0010001659393310547s
2023-11-22 19:18:13.594 | INFO     | game.world.World:__init__:17 - Generating world...
2023-11-22 19:18:13.595 | INFO     | engine.Generator:__init__:13 - Generator initialized. Seed=3391051771.
2023-11-22 19:18:13.595 | INFO     | game.world.World:generate:27 - Generating 25 chunks...
2023-11-22 19:18:14.697 | INFO     | game.world.World:generate:34 - World generation took 1.1012639999389648s
2023-11-22 19:18:14.697 | INFO     | game.world.World:__init__:20 - World generated.
2023-11-22 19:18:14.697 | INFO     | game.world.World:__init__:22 - World initialized.
2023-11-22 19:18:14.697 | INFO     | game.Camera:__init__:13 - Camera initialized.
2023-11-22 19:18:14.700 | INFO     | App:__init__:34 - App initialized.
2023-11-22 19:18:14.700 | INFO     | App:run:54 - Running app...
2023-11-22 19:18:20.104 | SUCCESS  | __main__:<module>:10 - Game finished!
2023-11-22 19:19:44.468 | INFO     | __main__:<module>:8 - Running game...
2023-11-22 19:19:45.058 | INFO     | engine.Config:load:8 - Loading config from cfg/config.json...
2023-11-22 19:19:45.198 | INFO     | App:__init__:16 - Fullscreen: 1366x768
2023-11-22 19:19:45.251 | INFO     | App:__init__:27 - Created screen surface.
2023-11-22 19:19:45.252 | INFO     | engine.Config:load:8 - Loading config from cfg/world.json...
2023-11-22 19:19:45.252 | INFO     | game.world.World:load_assets:66 - Loading assets...
2023-11-22 19:19:45.254 | INFO     | game.world.World:load_assets:73 - Loaded 1 textures in 0.0010080337524414062s
2023-11-22 19:19:45.254 | INFO     | game.world.World:__init__:17 - Generating world...
2023-11-22 19:19:45.255 | INFO     | engine.Generator:__init__:13 - Generator initialized. Seed=2305645987.
2023-11-22 19:19:45.256 | INFO     | game.world.World:generate:27 - Generating 25 chunks...
2023-11-22 19:19:46.359 | INFO     | game.world.World:generate:34 - World generation took 1.1025354862213135s
2023-11-22 19:19:46.359 | INFO     | game.world.World:__init__:20 - World generated.
2023-11-22 19:19:46.359 | INFO     | game.world.World:__init__:22 - World initialized.
2023-11-22 19:19:46.359 | INFO     | game.Camera:__init__:13 - Camera initialized.
2023-11-22 19:19:46.360 | INFO     | App:__init__:34 - App initialized.
2023-11-22 19:19:46.360 | INFO     | App:run:54 - Running app...
2023-11-22 19:20:03.076 | SUCCESS  | __main__:<module>:10 - Game finished!
2023-11-22 19:21:15.807 | INFO     | __main__:<module>:8 - Running game...
2023-11-22 19:21:16.393 | INFO     | engine.Config:load:8 - Loading config from cfg/config.json...
2023-11-22 19:21:16.533 | INFO     | App:__init__:16 - Fullscreen: 1366x768
2023-11-22 19:21:16.582 | INFO     | App:__init__:27 - Created screen surface.
2023-11-22 19:21:16.583 | INFO     | engine.Config:load:8 - Loading config from cfg/world.json...
2023-11-22 19:21:16.584 | INFO     | game.world.World:load_assets:66 - Loading assets...
2023-11-22 19:21:16.585 | INFO     | game.world.World:load_assets:73 - Loaded 1 textures in 0.0s
2023-11-22 19:21:16.585 | INFO     | game.world.World:__init__:17 - Generating world...
2023-11-22 19:21:16.586 | INFO     | engine.Generator:__init__:13 - Generator initialized. Seed=303902639.
2023-11-22 19:21:16.588 | INFO     | game.world.World:generate:27 - Generating 25 chunks...
2023-11-22 19:21:17.866 | INFO     | game.world.World:generate:34 - World generation took 1.2783277034759521s
2023-11-22 19:21:17.867 | INFO     | game.world.World:__init__:20 - World generated.
2023-11-22 19:21:17.867 | INFO     | game.world.World:__init__:22 - World initialized.
2023-11-22 19:21:17.867 | INFO     | game.Camera:__init__:13 - Camera initialized.
2023-11-22 19:21:17.868 | INFO     | App:__init__:34 - App initialized.
2023-11-22 19:21:17.868 | INFO     | App:run:54 - Running app...
2023-11-22 19:21:20.064 | SUCCESS  | __main__:<module>:10 - Game finished!
2023-11-22 19:21:35.710 | INFO     | __main__:<module>:8 - Running game...
2023-11-22 19:21:36.259 | INFO     | engine.Config:load:8 - Loading config from cfg/config.json...
2023-11-22 19:21:36.399 | INFO     | App:__init__:16 - Fullscreen: 1366x768
2023-11-22 19:21:36.447 | INFO     | App:__init__:27 - Created screen surface.
2023-11-22 19:21:36.448 | INFO     | engine.Config:load:8 - Loading config from cfg/world.json...
2023-11-22 19:21:36.448 | INFO     | game.world.World:load_assets:66 - Loading assets...
2023-11-22 19:21:36.451 | INFO     | game.world.World:load_assets:73 - Loaded 1 textures in 0.0020186901092529297s
2023-11-22 19:21:36.452 | INFO     | game.world.World:__init__:17 - Generating world...
2023-11-22 19:21:36.452 | INFO     | engine.Generator:__init__:13 - Generator initialized. Seed=3460952428.
2023-11-22 19:21:36.452 | INFO     | game.world.World:generate:27 - Generating 25 chunks...
2023-11-22 19:21:37.444 | INFO     | game.world.World:generate:34 - World generation took 0.9907782077789307s
2023-11-22 19:21:37.444 | INFO     | game.world.World:__init__:20 - World generated.
2023-11-22 19:21:37.444 | INFO     | game.world.World:__init__:22 - World initialized.
2023-11-22 19:21:37.444 | INFO     | game.Camera:__init__:13 - Camera initialized.
2023-11-22 19:21:37.445 | INFO     | App:__init__:34 - App initialized.
2023-11-22 19:21:37.445 | INFO     | App:run:54 - Running app...
2023-11-22 19:21:41.515 | SUCCESS  | __main__:<module>:10 - Game finished!
2023-11-22 19:21:45.030 | INFO     | __main__:<module>:8 - Running game...
2023-11-22 19:21:45.159 | INFO     | engine.Config:load:8 - Loading config from cfg/config.json...
2023-11-22 19:21:45.306 | INFO     | App:__init__:16 - Fullscreen: 1366x768
2023-11-22 19:21:45.352 | INFO     | App:__init__:27 - Created screen surface.
2023-11-22 19:21:45.353 | INFO     | engine.Config:load:8 - Loading config from cfg/world.json...
2023-11-22 19:21:45.353 | INFO     | game.world.World:load_assets:66 - Loading assets...
2023-11-22 19:21:45.354 | INFO     | game.world.World:load_assets:73 - Loaded 1 textures in 0.0s
2023-11-22 19:21:45.354 | INFO     | game.world.World:__init__:17 - Generating world...
2023-11-22 19:21:45.354 | INFO     | engine.Generator:__init__:13 - Generator initialized. Seed=959856113.
2023-11-22 19:21:45.356 | INFO     | game.world.World:generate:27 - Generating 25 chunks...
2023-11-22 19:21:48.935 | INFO     | __main__:<module>:8 - Running game...
2023-11-22 19:21:49.061 | INFO     | engine.Config:load:8 - Loading config from cfg/config.json...
2023-11-22 19:21:49.202 | INFO     | App:__init__:16 - Fullscreen: 1366x768
2023-11-22 19:21:49.249 | INFO     | App:__init__:27 - Created screen surface.
2023-11-22 19:21:49.249 | INFO     | engine.Config:load:8 - Loading config from cfg/world.json...
2023-11-22 19:21:49.250 | INFO     | game.world.World:load_assets:66 - Loading assets...
2023-11-22 19:21:49.252 | INFO     | game.world.World:load_assets:73 - Loaded 1 textures in 0.0010075569152832031s
2023-11-22 19:21:49.252 | INFO     | game.world.World:__init__:17 - Generating world...
2023-11-22 19:21:49.253 | INFO     | engine.Generator:__init__:13 - Generator initialized. Seed=1927903540.
2023-11-22 19:21:49.253 | INFO     | game.world.World:generate:27 - Generating 25 chunks...
2023-11-22 19:21:50.252 | INFO     | game.world.World:generate:34 - World generation took 0.9992592334747314s
2023-11-22 19:21:50.253 | INFO     | game.world.World:__init__:20 - World generated.
2023-11-22 19:21:50.253 | INFO     | game.world.World:__init__:22 - World initialized.
2023-11-22 19:21:50.253 | INFO     | game.Camera:__init__:13 - Camera initialized.
2023-11-22 19:21:50.254 | INFO     | App:__init__:34 - App initialized.
2023-11-22 19:21:50.254 | INFO     | App:run:54 - Running app...
2023-11-22 19:21:54.515 | SUCCESS  | __main__:<module>:10 - Game finished!
2023-11-22 19:21:59.117 | INFO     | __main__:<module>:8 - Running game...
2023-11-22 19:21:59.239 | INFO     | engine.Config:load:8 - Loading config from cfg/config.json...
2023-11-22 19:21:59.384 | INFO     | App:__init__:16 - Fullscreen: 1366x768
2023-11-22 19:21:59.434 | INFO     | App:__init__:27 - Created screen surface.
2023-11-22 19:21:59.435 | INFO     | engine.Config:load:8 - Loading config from cfg/world.json...
2023-11-22 19:21:59.435 | INFO     | game.world.World:load_assets:66 - Loading assets...
2023-11-22 19:21:59.437 | INFO     | game.world.World:load_assets:73 - Loaded 1 textures in 0.0005133152008056641s
2023-11-22 19:21:59.437 | INFO     | game.world.World:__init__:17 - Generating world...
2023-11-22 19:21:59.438 | INFO     | engine.Generator:__init__:13 - Generator initialized. Seed=3179963338.
2023-11-22 19:21:59.438 | INFO     | game.world.World:generate:27 - Generating 25 chunks...
2023-11-22 19:22:00.460 | INFO     | game.world.World:generate:34 - World generation took 1.0222468376159668s
2023-11-22 19:22:00.460 | INFO     | game.world.World:__init__:20 - World generated.
2023-11-22 19:22:00.461 | INFO     | game.world.World:__init__:22 - World initialized.
2023-11-22 19:22:00.461 | INFO     | game.Camera:__init__:13 - Camera initialized.
2023-11-22 19:22:00.461 | INFO     | App:__init__:34 - App initialized.
2023-11-22 19:22:00.462 | INFO     | App:run:54 - Running app...
2023-11-22 19:22:03.053 | SUCCESS  | __main__:<module>:10 - Game finished!
2023-11-22 19:22:07.205 | INFO     | __main__:<module>:8 - Running game...
2023-11-22 19:22:07.332 | INFO     | engine.Config:load:8 - Loading config from cfg/config.json...
2023-11-22 19:22:07.483 | INFO     | App:__init__:16 - Fullscreen: 1366x768
2023-11-22 19:22:07.539 | INFO     | App:__init__:27 - Created screen surface.
2023-11-22 19:22:07.541 | INFO     | engine.Config:load:8 - Loading config from cfg/world.json...
2023-11-22 19:22:07.542 | INFO     | game.world.World:load_assets:66 - Loading assets...
2023-11-22 19:22:07.543 | INFO     | game.world.World:load_assets:73 - Loaded 1 textures in 0.0s
2023-11-22 19:22:07.544 | INFO     | game.world.World:__init__:17 - Generating world...
2023-11-22 19:22:07.544 | INFO     | engine.Generator:__init__:13 - Generator initialized. Seed=1337515416.
2023-11-22 19:22:07.544 | INFO     | game.world.World:generate:27 - Generating 25 chunks...
2023-11-22 19:22:08.712 | INFO     | game.world.World:generate:34 - World generation took 1.1665570735931396s
2023-11-22 19:22:08.712 | INFO     | game.world.World:__init__:20 - World generated.
2023-11-22 19:22:08.712 | INFO     | game.world.World:__init__:22 - World initialized.
2023-11-22 19:22:08.712 | INFO     | game.Camera:__init__:13 - Camera initialized.
2023-11-22 19:22:08.713 | INFO     | App:__init__:34 - App initialized.
2023-11-22 19:22:08.713 | INFO     | App:run:54 - Running app...
2023-11-22 19:22:11.071 | SUCCESS  | __main__:<module>:10 - Game finished!
2023-11-22 19:22:14.025 | INFO     | __main__:<module>:8 - Running game...
2023-11-22 19:22:14.148 | INFO     | engine.Config:load:8 - Loading config from cfg/config.json...
2023-11-22 19:22:14.299 | INFO     | App:__init__:16 - Fullscreen: 1366x768
2023-11-22 19:22:14.344 | INFO     | App:__init__:27 - Created screen surface.
2023-11-22 19:22:14.345 | INFO     | engine.Config:load:8 - Loading config from cfg/world.json...
2023-11-22 19:22:14.347 | INFO     | game.world.World:load_assets:66 - Loading assets...
2023-11-22 19:22:14.349 | INFO     | game.world.World:load_assets:73 - Loaded 1 textures in 0.0010128021240234375s
2023-11-22 19:22:14.349 | INFO     | game.world.World:__init__:17 - Generating world...
2023-11-22 19:22:14.351 | INFO     | engine.Generator:__init__:13 - Generator initialized. Seed=2220631871.
2023-11-22 19:22:14.351 | INFO     | game.world.World:generate:27 - Generating 25 chunks...
2023-11-22 19:22:15.316 | INFO     | game.world.World:generate:34 - World generation took 0.9650490283966064s
2023-11-22 19:22:15.316 | INFO     | game.world.World:__init__:20 - World generated.
2023-11-22 19:22:15.316 | INFO     | game.world.World:__init__:22 - World initialized.
2023-11-22 19:22:15.317 | INFO     | game.Camera:__init__:13 - Camera initialized.
2023-11-22 19:22:15.317 | INFO     | App:__init__:34 - App initialized.
2023-11-22 19:22:15.318 | INFO     | App:run:54 - Running app...
2023-11-22 19:22:23.397 | SUCCESS  | __main__:<module>:10 - Game finished!
2023-11-22 19:22:27.712 | INFO     | __main__:<module>:8 - Running game...
2023-11-22 19:22:27.842 | INFO     | engine.Config:load:8 - Loading config from cfg/config.json...
2023-11-22 19:22:27.988 | INFO     | App:__init__:16 - Fullscreen: 1366x768
2023-11-22 19:22:28.038 | INFO     | App:__init__:27 - Created screen surface.
2023-11-22 19:22:28.039 | INFO     | engine.Config:load:8 - Loading config from cfg/world.json...
2023-11-22 19:22:28.040 | INFO     | game.world.World:load_assets:66 - Loading assets...
2023-11-22 19:22:28.041 | INFO     | game.world.World:load_assets:73 - Loaded 1 textures in 0.0010151863098144531s
2023-11-22 19:22:28.042 | INFO     | game.world.World:__init__:17 - Generating world...
2023-11-22 19:22:28.042 | INFO     | engine.Generator:__init__:13 - Generator initialized. Seed=3235409469.
2023-11-22 19:22:28.042 | INFO     | game.world.World:generate:27 - Generating 25 chunks...
2023-11-22 19:22:30.420 | INFO     | __main__:<module>:8 - Running game...
2023-11-22 19:22:30.543 | INFO     | engine.Config:load:8 - Loading config from cfg/config.json...
2023-11-22 19:22:30.690 | INFO     | App:__init__:16 - Fullscreen: 1366x768
2023-11-22 19:22:30.739 | INFO     | App:__init__:27 - Created screen surface.
2023-11-22 19:22:30.740 | INFO     | engine.Config:load:8 - Loading config from cfg/world.json...
2023-11-22 19:22:30.741 | INFO     | game.world.World:load_assets:66 - Loading assets...
2023-11-22 19:22:30.742 | INFO     | game.world.World:load_assets:73 - Loaded 1 textures in 0.0s
2023-11-22 19:22:30.743 | INFO     | game.world.World:__init__:17 - Generating world...
2023-11-22 19:22:30.743 | INFO     | engine.Generator:__init__:13 - Generator initialized. Seed=3348666885.
2023-11-22 19:22:30.743 | INFO     | game.world.World:generate:27 - Generating 25 chunks...
2023-11-22 19:22:31.733 | INFO     | game.world.World:generate:34 - World generation took 0.9895598888397217s
2023-11-22 19:22:31.733 | INFO     | game.world.World:__init__:20 - World generated.
2023-11-22 19:22:31.733 | INFO     | game.world.World:__init__:22 - World initialized.
2023-11-22 19:22:31.733 | INFO     | game.Camera:__init__:13 - Camera initialized.
2023-11-22 19:22:31.734 | INFO     | App:__init__:34 - App initialized.
2023-11-22 19:22:31.735 | INFO     | App:run:54 - Running app...
2023-11-22 19:22:51.834 | SUCCESS  | __main__:<module>:10 - Game finished!
2023-11-22 19:22:58.871 | INFO     | __main__:<module>:8 - Running game...
2023-11-22 19:22:59.000 | INFO     | engine.Config:load:8 - Loading config from cfg/config.json...
2023-11-22 19:22:59.188 | INFO     | App:__init__:16 - Fullscreen: 1366x768
2023-11-22 19:22:59.241 | INFO     | App:__init__:27 - Created screen surface.
2023-11-22 19:22:59.242 | INFO     | engine.Config:load:8 - Loading config from cfg/world.json...
2023-11-22 19:22:59.242 | INFO     | game.world.World:load_assets:66 - Loading assets...
2023-11-22 19:22:59.244 | INFO     | game.world.World:load_assets:73 - Loaded 1 textures in 0.0010006427764892578s
2023-11-22 19:22:59.244 | INFO     | game.world.World:__init__:17 - Generating world...
2023-11-22 19:22:59.244 | INFO     | engine.Generator:__init__:13 - Generator initialized. Seed=1441135766.
2023-11-22 19:22:59.244 | INFO     | game.world.World:generate:27 - Generating 25 chunks...
2023-11-22 19:23:00.530 | INFO     | game.world.World:generate:34 - World generation took 1.2855703830718994s
2023-11-22 19:23:00.530 | INFO     | game.world.World:__init__:20 - World generated.
2023-11-22 19:23:00.531 | INFO     | game.world.World:__init__:22 - World initialized.
2023-11-22 19:23:00.531 | INFO     | game.Camera:__init__:13 - Camera initialized.
2023-11-22 19:23:00.532 | INFO     | App:__init__:34 - App initialized.
2023-11-22 19:23:00.532 | INFO     | App:run:54 - Running app...
2023-11-22 19:23:06.105 | SUCCESS  | __main__:<module>:10 - Game finished!
2023-11-22 19:23:13.671 | INFO     | __main__:<module>:8 - Running game...
2023-11-22 19:23:13.798 | INFO     | engine.Config:load:8 - Loading config from cfg/config.json...
2023-11-22 19:23:13.945 | INFO     | App:__init__:16 - Fullscreen: 1366x768
2023-11-22 19:23:13.993 | INFO     | App:__init__:27 - Created screen surface.
2023-11-22 19:23:13.994 | INFO     | engine.Config:load:8 - Loading config from cfg/world.json...
2023-11-22 19:23:13.995 | INFO     | game.world.World:load_assets:66 - Loading assets...
2023-11-22 19:23:13.997 | INFO     | game.world.World:load_assets:73 - Loaded 1 textures in 0.0010333061218261719s
2023-11-22 19:23:13.997 | INFO     | game.world.World:__init__:17 - Generating world...
2023-11-22 19:23:13.998 | INFO     | engine.Generator:__init__:13 - Generator initialized. Seed=1166749415.
2023-11-22 19:23:13.998 | INFO     | game.world.World:generate:27 - Generating 25 chunks...
2023-11-22 19:23:14.972 | INFO     | game.world.World:generate:34 - World generation took 0.9746894836425781s
2023-11-22 19:23:14.972 | INFO     | game.world.World:__init__:20 - World generated.
2023-11-22 19:23:14.972 | INFO     | game.world.World:__init__:22 - World initialized.
2023-11-22 19:23:14.972 | INFO     | game.Camera:__init__:13 - Camera initialized.
2023-11-22 19:23:14.974 | INFO     | App:__init__:34 - App initialized.
2023-11-22 19:23:14.974 | INFO     | App:run:54 - Running app...
2023-11-22 19:23:38.327 | SUCCESS  | __main__:<module>:10 - Game finished!
2023-11-22 19:26:03.659 | INFO     | __main__:<module>:8 - Running game...
2023-11-22 19:26:04.244 | INFO     | engine.Config:load:8 - Loading config from cfg/config.json...
2023-11-22 19:26:04.382 | INFO     | App:__init__:16 - Fullscreen: 1366x768
2023-11-22 19:26:04.428 | INFO     | App:__init__:27 - Created screen surface.
2023-11-22 19:26:04.432 | INFO     | engine.Config:load:8 - Loading config from cfg/world.json...
2023-11-22 19:26:04.433 | INFO     | game.world.World:load_assets:68 - Loading assets...
2023-11-22 19:26:04.434 | INFO     | game.world.World:load_assets:75 - Loaded 1 textures in 0.0010132789611816406s
2023-11-22 19:26:04.434 | INFO     | game.world.World:__init__:17 - Generating world...
2023-11-22 19:26:04.434 | INFO     | engine.Generator:__init__:13 - Generator initialized. Seed=3652203685.
2023-11-22 19:26:04.434 | INFO     | game.world.World:generate:27 - Generating 25 chunks...
2023-11-22 19:27:10.344 | INFO     | __main__:<module>:8 - Running game...
2023-11-22 19:27:10.929 | INFO     | engine.Config:load:8 - Loading config from cfg/config.json...
2023-11-22 19:27:11.075 | INFO     | App:__init__:16 - Fullscreen: 1366x768
2023-11-22 19:27:11.125 | INFO     | App:__init__:27 - Created screen surface.
2023-11-22 19:27:11.126 | INFO     | engine.Config:load:8 - Loading config from cfg/world.json...
2023-11-22 19:27:11.127 | INFO     | game.world.World:load_assets:68 - Loading assets...
2023-11-22 19:27:11.128 | INFO     | game.world.World:load_assets:75 - Loaded 1 textures in 0.0010192394256591797s
2023-11-22 19:27:11.128 | INFO     | game.world.World:__init__:17 - Generating world...
2023-11-22 19:27:11.129 | INFO     | engine.Generator:__init__:13 - Generator initialized. Seed=300085642.
2023-11-22 19:27:11.129 | INFO     | game.world.World:generate:27 - Generating 25 chunks...
2023-11-22 19:27:12.399 | INFO     | game.world.World:generate:34 - World generation took 1.2692723274230957s
2023-11-22 19:27:12.399 | INFO     | game.world.World:__init__:20 - World generated.
2023-11-22 19:27:38.494 | INFO     | __main__:<module>:8 - Running game...
2023-11-22 19:27:39.083 | INFO     | engine.Config:load:8 - Loading config from cfg/config.json...
2023-11-22 19:27:39.222 | INFO     | App:__init__:16 - Fullscreen: 1366x768
2023-11-22 19:27:39.269 | INFO     | App:__init__:27 - Created screen surface.
2023-11-22 19:27:39.269 | INFO     | game.Camera:__init__:13 - Camera initialized.
2023-11-22 19:27:39.269 | INFO     | engine.Config:load:8 - Loading config from cfg/world.json...
2023-11-22 19:27:39.271 | INFO     | game.world.World:load_assets:68 - Loading assets...
2023-11-22 19:27:39.272 | INFO     | game.world.World:load_assets:75 - Loaded 1 textures in 0.0s
2023-11-22 19:27:39.273 | INFO     | game.world.World:__init__:17 - Generating world...
2023-11-22 19:27:39.273 | INFO     | engine.Generator:__init__:13 - Generator initialized. Seed=714666690.
2023-11-22 19:27:39.273 | INFO     | game.world.World:generate:27 - Generating 25 chunks...
2023-11-22 19:27:40.316 | INFO     | game.world.World:generate:34 - World generation took 1.0427477359771729s
2023-11-22 19:27:40.316 | INFO     | game.world.World:__init__:20 - World generated.
2023-11-22 19:27:40.317 | INFO     | game.world.World:__init__:22 - World initialized.
2023-11-22 19:27:40.317 | INFO     | App:__init__:34 - App initialized.
2023-11-22 19:27:40.318 | INFO     | App:run:54 - Running app...
2023-11-22 19:27:46.432 | SUCCESS  | __main__:<module>:10 - Game finished!
2023-11-22 19:27:56.561 | INFO     | __main__:<module>:8 - Running game...
2023-11-22 19:27:56.683 | INFO     | engine.Config:load:8 - Loading config from cfg/config.json...
2023-11-22 19:27:56.823 | INFO     | App:__init__:16 - Fullscreen: 1366x768
2023-11-22 19:27:56.868 | INFO     | App:__init__:27 - Created screen surface.
2023-11-22 19:27:56.869 | INFO     | game.Camera:__init__:13 - Camera initialized.
2023-11-22 19:27:56.869 | INFO     | engine.Config:load:8 - Loading config from cfg/world.json...
2023-11-22 19:27:56.870 | INFO     | game.world.World:load_assets:68 - Loading assets...
2023-11-22 19:27:56.871 | INFO     | game.world.World:load_assets:75 - Loaded 1 textures in 0.0010161399841308594s
2023-11-22 19:27:56.871 | INFO     | game.world.World:__init__:17 - Generating world...
2023-11-22 19:27:56.873 | INFO     | engine.Generator:__init__:13 - Generator initialized. Seed=569223229.
2023-11-22 19:27:56.873 | INFO     | game.world.World:generate:27 - Generating 25 chunks...
2023-11-22 19:27:58.114 | INFO     | game.world.World:generate:34 - World generation took 1.241626501083374s
2023-11-22 19:27:58.114 | INFO     | game.world.World:__init__:20 - World generated.
2023-11-22 19:27:58.114 | INFO     | game.world.World:__init__:22 - World initialized.
2023-11-22 19:27:58.115 | INFO     | App:__init__:34 - App initialized.
2023-11-22 19:27:58.115 | INFO     | App:run:54 - Running app...
2023-11-22 19:28:02.235 | SUCCESS  | __main__:<module>:10 - Game finished!
2023-11-22 19:28:58.396 | INFO     | __main__:<module>:8 - Running game...
2023-11-22 19:28:58.999 | INFO     | engine.Config:load:8 - Loading config from cfg/config.json...
2023-11-22 19:28:59.150 | INFO     | App:__init__:16 - Fullscreen: 1366x768
2023-11-22 19:28:59.198 | INFO     | App:__init__:27 - Created screen surface.
2023-11-22 19:28:59.199 | INFO     | game.Camera:__init__:13 - Camera initialized.
2023-11-22 19:28:59.201 | INFO     | engine.Config:load:8 - Loading config from cfg/world.json...
2023-11-22 19:28:59.203 | INFO     | game.world.World:load_assets:68 - Loading assets...
2023-11-22 19:28:59.204 | INFO     | game.world.World:load_assets:75 - Loaded 1 textures in 0.0009772777557373047s
2023-11-22 19:28:59.204 | INFO     | game.world.World:__init__:17 - Generating world...
2023-11-22 19:28:59.204 | INFO     | engine.Generator:__init__:13 - Generator initialized. Seed=3155394931.
2023-11-22 19:28:59.204 | INFO     | game.world.World:generate:27 - Generating 25 chunks...
2023-11-22 19:29:00.279 | INFO     | game.world.World:generate:34 - World generation took 1.0734684467315674s
2023-11-22 19:29:00.279 | INFO     | game.world.World:__init__:20 - World generated.
2023-11-22 19:29:00.279 | INFO     | game.world.World:__init__:22 - World initialized.
2023-11-22 19:29:00.280 | INFO     | App:__init__:34 - App initialized.
2023-11-22 19:29:00.280 | INFO     | App:run:54 - Running app...
2023-11-22 19:29:04.560 | SUCCESS  | __main__:<module>:10 - Game finished!
2023-11-22 19:30:03.521 | INFO     | __main__:<module>:8 - Running game...
2023-11-22 19:30:04.102 | INFO     | engine.Config:load:8 - Loading config from cfg/config.json...
2023-11-22 19:30:04.245 | INFO     | App:__init__:16 - Fullscreen: 1366x768
2023-11-22 19:30:04.291 | INFO     | App:__init__:27 - Created screen surface.
2023-11-22 19:30:04.291 | INFO     | game.Camera:__init__:13 - Camera initialized.
2023-11-22 19:30:04.292 | INFO     | engine.Config:load:8 - Loading config from cfg/world.json...
2023-11-22 19:30:04.293 | INFO     | game.world.World:load_assets:68 - Loading assets...
2023-11-22 19:30:04.294 | INFO     | game.world.World:load_assets:75 - Loaded 1 textures in 0.0010063648223876953s
2023-11-22 19:30:04.294 | INFO     | game.world.World:__init__:17 - Generating world...
2023-11-22 19:30:04.294 | INFO     | engine.Generator:__init__:13 - Generator initialized. Seed=913453685.
2023-11-22 19:30:04.295 | INFO     | game.world.World:generate:27 - Generating 25 chunks...
2023-11-22 19:30:05.371 | INFO     | game.world.World:generate:34 - World generation took 1.0762083530426025s
2023-11-22 19:30:05.371 | INFO     | game.world.World:__init__:20 - World generated.
2023-11-22 19:30:05.372 | INFO     | game.world.World:__init__:22 - World initialized.
2023-11-22 19:30:05.373 | INFO     | App:__init__:34 - App initialized.
2023-11-22 19:30:05.373 | INFO     | App:run:54 - Running app...
2023-11-22 19:30:09.792 | SUCCESS  | __main__:<module>:10 - Game finished!
2023-11-22 20:04:35.337 | INFO     | __main__:<module>:8 - Running game...
2023-11-22 20:04:35.958 | INFO     | engine.Config:load:8 - Loading config from cfg/config.json...
2023-11-22 20:04:36.278 | INFO     | App:__init__:16 - Fullscreen: 1366x768
2023-11-22 20:04:36.331 | INFO     | App:__init__:27 - Created screen surface.
2023-11-22 20:04:36.332 | INFO     | game.Camera:__init__:13 - Camera initialized.
2023-11-22 20:04:36.332 | INFO     | engine.Config:load:8 - Loading config from cfg/world.json...
2023-11-22 20:04:36.337 | INFO     | game.world.World:load_assets:68 - Loading assets...
2023-11-22 20:04:36.342 | INFO     | game.world.World:load_assets:75 - Loaded 1 textures in 0.0055429935455322266s
2023-11-22 20:04:36.343 | INFO     | game.world.World:__init__:17 - Generating world...
2023-11-22 20:04:36.343 | INFO     | engine.Generator:__init__:13 - Generator initialized. Seed=4208161658.
2023-11-22 20:04:36.344 | INFO     | game.world.World:generate:27 - Generating 25 chunks...
2023-11-22 20:04:45.798 | INFO     | __main__:<module>:8 - Running game...
2023-11-22 20:04:45.934 | INFO     | engine.Config:load:8 - Loading config from cfg/config.json...
2023-11-22 20:04:46.088 | INFO     | App:__init__:16 - Fullscreen: 1366x768
2023-11-22 20:04:46.138 | INFO     | App:__init__:27 - Created screen surface.
2023-11-22 20:04:46.139 | INFO     | game.Camera:__init__:13 - Camera initialized.
2023-11-22 20:04:46.139 | INFO     | engine.Config:load:8 - Loading config from cfg/world.json...
2023-11-22 20:04:46.141 | INFO     | game.world.World:load_assets:68 - Loading assets...
2023-11-22 20:04:46.142 | INFO     | game.world.World:load_assets:75 - Loaded 1 textures in 0.0010120868682861328s
2023-11-22 20:04:46.143 | INFO     | game.world.World:__init__:17 - Generating world...
2023-11-22 20:04:46.143 | INFO     | engine.Generator:__init__:13 - Generator initialized. Seed=1795993335.
2023-11-22 20:04:46.144 | INFO     | game.world.World:generate:27 - Generating 25 chunks...
2023-11-22 20:04:47.975 | INFO     | game.world.World:generate:34 - World generation took 1.8303968906402588s
2023-11-22 20:04:47.975 | INFO     | game.world.World:__init__:20 - World generated.
2023-11-22 20:04:47.976 | INFO     | game.world.World:__init__:22 - World initialized.
2023-11-22 20:04:47.987 | INFO     | App:__init__:34 - App initialized.
2023-11-22 20:04:47.987 | INFO     | App:run:54 - Running app...
2023-11-22 20:04:52.414 | SUCCESS  | __main__:<module>:10 - Game finished!
2023-11-22 20:07:41.409 | INFO     | __main__:<module>:8 - Running game...
2023-11-22 20:07:42.038 | INFO     | engine.Config:load:8 - Loading config from cfg/config.json...
2023-11-22 20:07:42.351 | INFO     | App:__init__:16 - Fullscreen: 1366x768
2023-11-22 20:07:42.404 | INFO     | App:__init__:27 - Created screen surface.
2023-11-22 20:07:42.407 | INFO     | game.Camera:__init__:13 - Camera initialized.
2023-11-22 20:07:42.408 | INFO     | engine.Config:load:8 - Loading config from cfg/world.json...
2023-11-22 20:07:42.409 | INFO     | game.world.World:load_assets:66 - Loading assets...
2023-11-22 20:07:42.416 | INFO     | game.world.World:load_assets:73 - Loaded 1 textures in 0.006022453308105469s
2023-11-22 20:07:42.416 | INFO     | game.world.World:__init__:17 - Generating world...
2023-11-22 20:07:42.417 | INFO     | engine.Generator:__init__:13 - Generator initialized. Seed=1422887383.
2023-11-22 20:07:42.417 | INFO     | game.world.World:generate:27 - Generating 25 chunks...
2023-11-22 20:07:43.656 | INFO     | game.world.World:generate:34 - World generation took 1.2383627891540527s
2023-11-22 20:07:43.657 | INFO     | game.world.World:__init__:20 - World generated.
2023-11-22 20:07:43.657 | INFO     | game.world.World:__init__:22 - World initialized.
2023-11-22 20:07:43.674 | INFO     | App:__init__:34 - App initialized.
2023-11-22 20:07:43.674 | INFO     | App:run:54 - Running app...
2023-11-22 20:07:45.049 | SUCCESS  | __main__:<module>:10 - Game finished!
2023-11-22 20:07:55.327 | INFO     | __main__:<module>:8 - Running game...
2023-11-22 20:07:55.450 | INFO     | engine.Config:load:8 - Loading config from cfg/config.json...
2023-11-22 20:07:55.607 | INFO     | App:__init__:16 - Fullscreen: 1366x768
2023-11-22 20:07:55.653 | INFO     | App:__init__:27 - Created screen surface.
2023-11-22 20:07:55.654 | INFO     | game.Camera:__init__:13 - Camera initialized.
2023-11-22 20:07:55.654 | INFO     | engine.Config:load:8 - Loading config from cfg/world.json...
2023-11-22 20:07:55.655 | INFO     | game.world.World:load_assets:66 - Loading assets...
2023-11-22 20:07:55.656 | INFO     | game.world.World:load_assets:73 - Loaded 1 textures in 0.0010159015655517578s
2023-11-22 20:07:55.658 | INFO     | game.world.World:__init__:17 - Generating world...
2023-11-22 20:07:55.659 | INFO     | engine.Generator:__init__:13 - Generator initialized. Seed=3434768434.
2023-11-22 20:07:55.659 | INFO     | game.world.World:generate:27 - Generating 25 chunks...
2023-11-22 20:07:56.762 | INFO     | game.world.World:generate:34 - World generation took 1.1023824214935303s
2023-11-22 20:07:56.762 | INFO     | game.world.World:__init__:20 - World generated.
2023-11-22 20:07:56.762 | INFO     | game.world.World:__init__:22 - World initialized.
2023-11-22 20:07:56.763 | INFO     | App:__init__:34 - App initialized.
2023-11-22 20:07:56.763 | INFO     | App:run:54 - Running app...
2023-11-22 20:07:57.612 | SUCCESS  | __main__:<module>:10 - Game finished!
2023-11-22 20:08:09.543 | INFO     | __main__:<module>:8 - Running game...
2023-11-22 20:08:10.078 | INFO     | engine.Config:load:8 - Loading config from cfg/config.json...
2023-11-22 20:08:10.224 | INFO     | App:__init__:16 - Fullscreen: 1366x768
2023-11-22 20:08:10.274 | INFO     | App:__init__:27 - Created screen surface.
2023-11-22 20:08:10.274 | INFO     | game.Camera:__init__:13 - Camera initialized.
2023-11-22 20:08:10.274 | INFO     | engine.Config:load:8 - Loading config from cfg/world.json...
2023-11-22 20:08:10.277 | INFO     | game.world.World:load_assets:67 - Loading assets...
2023-11-22 20:08:10.278 | INFO     | game.world.World:load_assets:74 - Loaded 1 textures in 0.0s
2023-11-22 20:08:10.279 | INFO     | game.world.World:__init__:17 - Generating world...
2023-11-22 20:08:10.280 | INFO     | engine.Generator:__init__:13 - Generator initialized. Seed=1845634574.
2023-11-22 20:08:10.280 | INFO     | game.world.World:generate:27 - Generating 25 chunks...
2023-11-22 20:08:11.377 | INFO     | game.world.World:generate:34 - World generation took 1.095414400100708s
2023-11-22 20:08:11.377 | INFO     | game.world.World:__init__:20 - World generated.
2023-11-22 20:08:11.378 | INFO     | game.world.World:__init__:22 - World initialized.
2023-11-22 20:08:11.379 | INFO     | App:__init__:34 - App initialized.
2023-11-22 20:08:11.379 | INFO     | App:run:54 - Running app...
2023-11-22 20:08:16.329 | SUCCESS  | __main__:<module>:10 - Game finished!
2023-11-22 20:08:20.513 | INFO     | __main__:<module>:8 - Running game...
2023-11-22 20:08:20.632 | INFO     | engine.Config:load:8 - Loading config from cfg/config.json...
2023-11-22 20:08:20.776 | INFO     | App:__init__:16 - Fullscreen: 1366x768
2023-11-22 20:08:20.822 | INFO     | App:__init__:27 - Created screen surface.
2023-11-22 20:08:20.822 | INFO     | game.Camera:__init__:13 - Camera initialized.
2023-11-22 20:08:20.824 | INFO     | engine.Config:load:8 - Loading config from cfg/world.json...
2023-11-22 20:08:20.824 | INFO     | game.world.World:load_assets:67 - Loading assets...
2023-11-22 20:08:20.825 | INFO     | game.world.World:load_assets:74 - Loaded 1 textures in 0.0s
2023-11-22 20:08:20.826 | INFO     | game.world.World:__init__:17 - Generating world...
2023-11-22 20:08:20.826 | INFO     | engine.Generator:__init__:13 - Generator initialized. Seed=2677161409.
2023-11-22 20:08:20.826 | INFO     | game.world.World:generate:27 - Generating 25 chunks...
2023-11-22 20:08:23.626 | INFO     | game.world.World:generate:34 - World generation took 2.799928665161133s
2023-11-22 20:08:23.626 | INFO     | game.world.World:__init__:20 - World generated.
2023-11-22 20:08:23.626 | INFO     | game.world.World:__init__:22 - World initialized.
2023-11-22 20:08:23.627 | INFO     | App:__init__:34 - App initialized.
2023-11-22 20:08:23.627 | INFO     | App:run:54 - Running app...
2023-11-22 20:08:26.271 | SUCCESS  | __main__:<module>:10 - Game finished!
2023-11-22 20:09:45.307 | INFO     | __main__:<module>:8 - Running game...
2023-11-22 20:09:45.883 | INFO     | engine.Config:load:8 - Loading config from cfg/config.json...
2023-11-22 20:09:46.043 | INFO     | App:__init__:16 - Fullscreen: 1366x768
2023-11-22 20:09:46.097 | INFO     | App:__init__:27 - Created screen surface.
2023-11-22 20:09:46.098 | INFO     | game.Camera:__init__:13 - Camera initialized.
2023-11-22 20:09:46.103 | INFO     | engine.Config:load:8 - Loading config from cfg/world.json...
2023-11-22 20:09:46.104 | INFO     | game.world.World:load_assets:65 - Loading assets...
2023-11-22 20:09:46.105 | INFO     | game.world.World:load_assets:72 - Loaded 1 textures in 0.0010008811950683594s
2023-11-22 20:09:46.105 | INFO     | game.world.World:__init__:17 - Generating world...
2023-11-22 20:09:46.106 | INFO     | engine.Generator:__init__:13 - Generator initialized. Seed=3753325449.
2023-11-22 20:09:46.106 | INFO     | game.world.World:generate:27 - Generating 25 chunks...
2023-11-22 20:09:47.304 | INFO     | game.world.World:generate:34 - World generation took 1.1971909999847412s
2023-11-22 20:09:47.304 | INFO     | game.world.World:__init__:20 - World generated.
2023-11-22 20:09:47.304 | INFO     | game.world.World:__init__:22 - World initialized.
2023-11-22 20:09:47.305 | INFO     | App:__init__:34 - App initialized.
2023-11-22 20:09:47.305 | INFO     | App:run:54 - Running app...
2023-11-22 20:09:47.833 | SUCCESS  | __main__:<module>:10 - Game finished!
